<?xml version="1.0" encoding="UTF-8"?>
<!-- Generated by org.testng.reporters.JUnitReportReporter -->
<testsuite hostname="ZSCHN01LP0024" failures="0" tests="3" name="com.opencart.testscripts.LoginPageTest" time="4.122" errors="0" timestamp="01 Sep 2023 09:00:40 GMT" skipped="0">
  <testcase classname="com.opencart.testscripts.LoginPageTest" name="titleTest" time="0.851"/>
  <testcase classname="com.opencart.testscripts.LoginPageTest" name="linkTest" time="2.025"/>
  <testcase classname="com.opencart.testscripts.LoginPageTest" name="credentials" time="1.246"/>
</testsuite> <!-- com.opencart.testscripts.LoginPageTest -->
