<?xml version="1.0" encoding="UTF-8"?>
<!-- Generated by org.testng.reporters.JUnitReportReporter -->
<testsuite hostname="ZSCHN01LP0024" failures="0" tests="7" name="com.opencart.testscripts.CartPageTest" time="8.500" errors="0" timestamp="01 Sep 2023 09:00:40 GMT" skipped="0">
  <testcase classname="com.opencart.testscripts.CartPageTest" name="titleTest" time="3.846"/>
  <testcase classname="com.opencart.testscripts.CartPageTest" name="quantityTest" time="0.030"/>
  <testcase classname="com.opencart.testscripts.CartPageTest" name="noCouponTest" time="2.126"/>
  <testcase classname="com.opencart.testscripts.CartPageTest" name="noGiftTest" time="0.428"/>
  <testcase classname="com.opencart.testscripts.CartPageTest" name="invalidCoupon" time="0.146"/>
  <testcase classname="com.opencart.testscripts.CartPageTest" name="invalidGift" time="1.916"/>
  <testcase classname="com.opencart.testscripts.CartPageTest" name="chekoutTest" time="0.008"/>
</testsuite> <!-- com.opencart.testscripts.CartPageTest -->
