<?xml version="1.0" encoding="UTF-8"?>
<!-- Generated by org.testng.reporters.JUnitReportReporter -->
<testsuite hostname="ZSCHN01LP0024" failures="0" tests="4" name="com.opencart.testscripts.HomePageTest" time="0.816" errors="0" timestamp="01 Sep 2023 09:00:40 GMT" skipped="0">
  <testcase classname="com.opencart.testscripts.HomePageTest" name="titleTest" time="0.025"/>
  <testcase classname="com.opencart.testscripts.HomePageTest" name="urlTest" time="0.003"/>
  <testcase classname="com.opencart.testscripts.HomePageTest" name="selectionTest" time="0.735"/>
  <testcase classname="com.opencart.testscripts.HomePageTest" name="itemList" time="0.053"/>
</testsuite> <!-- com.opencart.testscripts.HomePageTest -->
