<?xml version="1.0" encoding="UTF-8"?>
<!-- Generated by org.testng.reporters.JUnitReportReporter -->
<testsuite hostname="ZSCHN01LP0024" failures="0" tests="4" name="com.opencart.testscripts.HomePageTest" time="0.716" errors="0" timestamp="29 Aug 2023 07:13:21 GMT" skipped="0">
  <testcase classname="com.opencart.testscripts.HomePageTest" name="titleTest" time="0.015"/>
  <testcase classname="com.opencart.testscripts.HomePageTest" name="urlTest" time="0.001"/>
  <testcase classname="com.opencart.testscripts.HomePageTest" name="selectionTest" time="0.645"/>
  <testcase classname="com.opencart.testscripts.HomePageTest" name="itemList" time="0.055"/>
</testsuite> <!-- com.opencart.testscripts.HomePageTest -->
